d:\thuc tap tot nghiep\gameloft\anonymous\finalproject\proj.win32\debug.win32\boss.obj
d:\thuc tap tot nghiep\gameloft\anonymous\finalproject\proj.win32\debug.win32\contaclistener.obj
d:\thuc tap tot nghiep\gameloft\anonymous\finalproject\proj.win32\debug.win32\endscene.obj
d:\thuc tap tot nghiep\gameloft\anonymous\finalproject\proj.win32\debug.win32\gamevalue.obj
d:\thuc tap tot nghiep\gameloft\anonymous\finalproject\proj.win32\debug.win32\infiniteparallaxnode.obj
d:\thuc tap tot nghiep\gameloft\anonymous\finalproject\proj.win32\debug.win32\loadgamescene.obj
d:\thuc tap tot nghiep\gameloft\anonymous\finalproject\proj.win32\debug.win32\mainmenuscene.obj
d:\thuc tap tot nghiep\gameloft\anonymous\finalproject\proj.win32\debug.win32\physicscomponent.obj
d:\thuc tap tot nghiep\gameloft\anonymous\finalproject\proj.win32\debug.win32\playplotandturto.obj
d:\thuc tap tot nghiep\gameloft\anonymous\finalproject\proj.win32\debug.win32\popupabout.obj
d:\thuc tap tot nghiep\gameloft\anonymous\finalproject\proj.win32\debug.win32\popupquit.obj
d:\thuc tap tot nghiep\gameloft\anonymous\finalproject\proj.win32\debug.win32\simulation.obj
d:\thuc tap tot nghiep\gameloft\anonymous\finalproject\proj.win32\debug.win32\slingshot.obj
d:\thuc tap tot nghiep\gameloft\anonymous\finalproject\proj.win32\debug.win32\turtoriallayer.obj
d:\thuc tap tot nghiep\gameloft\anonymous\finalproject\proj.win32\debug.win32\gb2shapecache-x.obj
d:\thuc tap tot nghiep\gameloft\anonymous\finalproject\proj.win32\debug.win32\main.obj
d:\thuc tap tot nghiep\gameloft\anonymous\finalproject\proj.win32\debug.win32\archievement.obj
d:\thuc tap tot nghiep\gameloft\anonymous\finalproject\proj.win32\debug.win32\checkpoint.obj
d:\thuc tap tot nghiep\gameloft\anonymous\finalproject\proj.win32\debug.win32\dynamicobject.obj
d:\thuc tap tot nghiep\gameloft\anonymous\finalproject\proj.win32\debug.win32\enemy.obj
d:\thuc tap tot nghiep\gameloft\anonymous\finalproject\proj.win32\debug.win32\hudlayer.obj
d:\thuc tap tot nghiep\gameloft\anonymous\finalproject\proj.win32\debug.win32\layerwindsprite.obj
d:\thuc tap tot nghiep\gameloft\anonymous\finalproject\proj.win32\debug.win32\logoscene.obj
d:\thuc tap tot nghiep\gameloft\anonymous\finalproject\proj.win32\debug.win32\moveaction.obj
d:\thuc tap tot nghiep\gameloft\anonymous\finalproject\proj.win32\debug.win32\movingplatform.obj
d:\thuc tap tot nghiep\gameloft\anonymous\finalproject\proj.win32\debug.win32\player.obj
d:\thuc tap tot nghiep\gameloft\anonymous\finalproject\proj.win32\debug.win32\plotlayer2.obj
d:\thuc tap tot nghiep\gameloft\anonymous\finalproject\proj.win32\debug.win32\popuppause.obj
d:\thuc tap tot nghiep\gameloft\anonymous\finalproject\proj.win32\debug.win32\resourcemgr.obj
d:\thuc tap tot nghiep\gameloft\anonymous\finalproject\proj.win32\debug.win32\scenemgr.obj
d:\thuc tap tot nghiep\gameloft\anonymous\finalproject\proj.win32\debug.win32\stone.obj
d:\thuc tap tot nghiep\gameloft\anonymous\finalproject\proj.win32\debug.win32\wind.obj
d:\thuc tap tot nghiep\gameloft\anonymous\finalproject\proj.win32\debug.win32\tiledbodycreator.obj
d:\thuc tap tot nghiep\gameloft\anonymous\finalproject\proj.win32\debug.win32\appdelegate.obj
d:\thuc tap tot nghiep\gameloft\anonymous\finalproject\proj.win32\debug.win32\contaclistenersimulate.obj
d:\thuc tap tot nghiep\gameloft\anonymous\finalproject\proj.win32\debug.win32\elevator.obj
d:\thuc tap tot nghiep\gameloft\anonymous\finalproject\proj.win32\debug.win32\gameobject.obj
d:\thuc tap tot nghiep\gameloft\anonymous\finalproject\proj.win32\debug.win32\gold.obj
d:\thuc tap tot nghiep\gameloft\anonymous\finalproject\proj.win32\debug.win32\itemloot.obj
d:\thuc tap tot nghiep\gameloft\anonymous\finalproject\proj.win32\debug.win32\location.obj
d:\thuc tap tot nghiep\gameloft\anonymous\finalproject\proj.win32\debug.win32\middlescene.obj
d:\thuc tap tot nghiep\gameloft\anonymous\finalproject\proj.win32\debug.win32\playplot2.obj
d:\thuc tap tot nghiep\gameloft\anonymous\finalproject\proj.win32\debug.win32\popup.obj
d:\thuc tap tot nghiep\gameloft\anonymous\finalproject\proj.win32\debug.win32\popupplay.obj
d:\thuc tap tot nghiep\gameloft\anonymous\finalproject\proj.win32\debug.win32\shopingscene.obj
d:\thuc tap tot nghiep\gameloft\anonymous\finalproject\proj.win32\debug.win32\treasurechest.obj
d:\thuc tap tot nghiep\gameloft\anonymous\finalproject\proj.win32\debug.win32\b2debugdrawlayer.obj
d:\thuc tap tot nghiep\gameloft\anonymous\finalproject\proj.win32\debug.win32\visiblerect.obj
d:\thuc tap tot nghiep\gameloft\anonymous\finalproject\proj.win32\debug.win32\backpackscene.obj
d:\thuc tap tot nghiep\gameloft\anonymous\finalproject\proj.win32\debug.win32\customlayer.obj
d:\thuc tap tot nghiep\gameloft\anonymous\finalproject\proj.win32\debug.win32\endlayer.obj
d:\thuc tap tot nghiep\gameloft\anonymous\finalproject\proj.win32\debug.win32\gamescene.obj
d:\thuc tap tot nghiep\gameloft\anonymous\finalproject\proj.win32\debug.win32\item.obj
d:\thuc tap tot nghiep\gameloft\anonymous\finalproject\proj.win32\debug.win32\loadscene.obj
d:\thuc tap tot nghiep\gameloft\anonymous\finalproject\proj.win32\debug.win32\maptmx.obj
d:\thuc tap tot nghiep\gameloft\anonymous\finalproject\proj.win32\debug.win32\physicssystem.obj
d:\thuc tap tot nghiep\gameloft\anonymous\finalproject\proj.win32\debug.win32\plotlayer1.obj
d:\thuc tap tot nghiep\gameloft\anonymous\finalproject\proj.win32\debug.win32\popuphighscore.obj
d:\thuc tap tot nghiep\gameloft\anonymous\finalproject\proj.win32\debug.win32\popupsetting.obj
d:\thuc tap tot nghiep\gameloft\anonymous\finalproject\proj.win32\debug.win32\soundmgr.obj
d:\thuc tap tot nghiep\gameloft\anonymous\finalproject\proj.win32\debug.win32\utils.obj
d:\thuc tap tot nghiep\gameloft\anonymous\finalproject\proj.win32\debug.win32\glesrender.obj
d:\thuc tap tot nghiep\gameloft\anonymous\finalproject\proj.win32\debug.win32\vc142.pdb
d:\thuc tap tot nghiep\gameloft\anonymous\finalproject\proj.win32\finalproject.cab
d:\thuc tap tot nghiep\gameloft\anonymous\finalproject\proj.win32\debug.win32\finalproject.lib
d:\thuc tap tot nghiep\gameloft\anonymous\finalproject\proj.win32\debug.win32\finalproject.exp
d:\thuc tap tot nghiep\gameloft\anonymous\finalproject\proj.win32\debug.win32\finalproject.ilk
d:\thuc tap tot nghiep\gameloft\anonymous\finalproject\proj.win32\debug.win32\finalproject.exe
d:\thuc tap tot nghiep\gameloft\anonymous\finalproject\proj.win32\debug.win32\finalproject.pdb
d:\thuc tap tot nghiep\gameloft\anonymous\finalproject\proj.win32\debug.win32\game.res
d:\thuc tap tot nghiep\gameloft\anonymous\finalproject\proj.win32\debug.win32\libcocos2d.exp
d:\thuc tap tot nghiep\gameloft\anonymous\finalproject\proj.win32\debug.win32\vc142.idb
d:\thuc tap tot nghiep\gameloft\anonymous\finalproject\proj.win32\debug.win32\libcocos2d.pdb
d:\thuc tap tot nghiep\gameloft\anonymous\finalproject\proj.win32\debug.win32\librecast.pdb
d:\thuc tap tot nghiep\gameloft\anonymous\finalproject\proj.win32\debug.win32\libspine.pdb
d:\thuc tap tot nghiep\gameloft\anonymous\finalproject\proj.win32\debug.win32\finalproject.tlog\cl.2464.write.1.tlog
d:\thuc tap tot nghiep\gameloft\anonymous\finalproject\proj.win32\debug.win32\finalproject.tlog\cl.command.1.tlog
d:\thuc tap tot nghiep\gameloft\anonymous\finalproject\proj.win32\debug.win32\finalproject.tlog\cl.read.1.tlog
d:\thuc tap tot nghiep\gameloft\anonymous\finalproject\proj.win32\debug.win32\finalproject.tlog\custombuildstep.read.1u.tlog
d:\thuc tap tot nghiep\gameloft\anonymous\finalproject\proj.win32\debug.win32\finalproject.tlog\custombuildstep.write.1u.tlog
d:\thuc tap tot nghiep\gameloft\anonymous\finalproject\proj.win32\debug.win32\finalproject.tlog\finalproject.write.1u.tlog
d:\thuc tap tot nghiep\gameloft\anonymous\finalproject\proj.win32\debug.win32\finalproject.tlog\link.command.1.tlog
d:\thuc tap tot nghiep\gameloft\anonymous\finalproject\proj.win32\debug.win32\finalproject.tlog\link.read.1.tlog
d:\thuc tap tot nghiep\gameloft\anonymous\finalproject\proj.win32\debug.win32\finalproject.tlog\link.write.1.tlog
d:\thuc tap tot nghiep\gameloft\anonymous\finalproject\proj.win32\debug.win32\finalproject.tlog\rc.command.1.tlog
d:\thuc tap tot nghiep\gameloft\anonymous\finalproject\proj.win32\debug.win32\finalproject.tlog\rc.read.1.tlog
d:\thuc tap tot nghiep\gameloft\anonymous\finalproject\proj.win32\debug.win32\finalproject.tlog\rc.write.1.tlog
